0 verbose cli /usr/bin/node /usr/bin/npm
1 info using npm@8.19.3
2 info using node@v16.19.0
3 timing npm:load:whichnode Completed in 1ms
4 timing config:load:defaults Completed in 1ms
5 timing config:load:file:/usr/lib/node_modules/npm/npmrc Completed in 0ms
6 timing config:load:builtin Completed in 1ms
7 timing config:load:cli Completed in 3ms
8 timing config:load:env Completed in 0ms
9 timing config:load:project Completed in 7ms
10 timing config:load:file:/app/.npmrc Completed in 1ms
11 timing config:load:user Completed in 1ms
12 timing config:load:file:/usr/etc/npmrc Completed in 0ms
13 timing config:load:global Completed in 0ms
14 timing config:load:validate Completed in 0ms
15 timing config:load:credentials Completed in 1ms
16 timing config:load:setEnvs Completed in 1ms
17 timing config:load Completed in 15ms
18 timing npm:load:configload Completed in 15ms
19 timing npm:load:mkdirpcache Completed in 0ms
20 timing npm:load:mkdirplogs Completed in 1ms
21 verbose title npm i @decidim/dev@~0.27.1 @decidim/eslint-config@~0.27.1 @decidim/stylelint-config@~0.27.1
22 verbose argv "i" "--save-dev" "@decidim/dev@~0.27.1" "@decidim/eslint-config@~0.27.1" "@decidim/stylelint-config@~0.27.1"
23 timing npm:load:setTitle Completed in 0ms
24 timing config:load:flatten Completed in 2ms
25 timing npm:load:display Completed in 2ms
26 verbose logfile logs-max:10 dir:/app/.npm/_logs
27 verbose logfile /app/.npm/_logs/2023-02-14T12_39_06_987Z-debug-0.log
28 timing npm:load:logFile Completed in 4ms
29 timing npm:load:timers Completed in 0ms
30 timing npm:load:configScope Completed in 0ms
31 timing npm:load Completed in 24ms
32 timing arborist:ctor Completed in 1ms
33 silly logfile done cleaning log files
34 timing idealTree:init Completed in 655ms
35 timing idealTree:userRequests Completed in 2ms
36 silly idealTree buildDeps
37 silly fetch manifest @decidim/dev@~0.27.1
38 timing arborist:ctor Completed in 0ms
39 http fetch GET 200 https://registry.npmjs.org/@decidim%2fdev 1990ms (cache miss)
40 silly fetch manifest @decidim/eslint-config@~0.27.1
41 http fetch GET 200 https://registry.npmjs.org/@decidim%2feslint-config 1537ms (cache miss)
42 silly fetch manifest eslint@^7.25.0
43 http fetch GET 200 https://registry.npmjs.org/eslint 286ms (cache miss)
44 silly fetch manifest eslint-config-prettier@^8.2.0
45 http fetch GET 200 https://registry.npmjs.org/eslint-config-prettier 65ms (cache miss)
46 silly fetch manifest eslint-config-standard@^11.0.0
47 http fetch GET 200 https://registry.npmjs.org/eslint-config-standard 66ms (cache miss)
48 silly fetch manifest eslint-plugin-import@>=2.8.0
49 http fetch GET 200 https://registry.npmjs.org/eslint-plugin-import 111ms (cache miss)
50 silly fetch manifest eslint-plugin-node@>=5.2.1
51 http fetch GET 200 https://registry.npmjs.org/eslint-plugin-node 75ms (cache miss)
52 silly fetch manifest eslint-plugin-promise@>=3.6.0
53 http fetch GET 200 https://registry.npmjs.org/eslint-plugin-promise 59ms (cache miss)
54 silly fetch manifest eslint-plugin-standard@>=3.0.1
55 http fetch GET 200 https://registry.npmjs.org/eslint-plugin-standard 55ms (cache miss)
56 silly fetch manifest eslint-plugin-jsx-a11y@^6.3.1
57 http fetch GET 200 https://registry.npmjs.org/eslint-plugin-jsx-a11y 63ms (cache miss)
58 silly fetch manifest eslint-plugin-promise@^3.8.0
59 silly fetch manifest eslint-plugin-react@^7.20.6
60 http fetch GET 200 https://registry.npmjs.org/eslint-plugin-react 111ms (cache miss)
61 silly fetch manifest eslint-plugin-standard@^3.1.0
62 silly fetch manifest @decidim/stylelint-config@~0.27.1
63 http fetch GET 200 https://registry.npmjs.org/@decidim%2fstylelint-config 1542ms (cache miss)
64 silly fetch manifest stylelint@13.11.0
65 http fetch GET 200 https://registry.npmjs.org/stylelint 191ms (cache miss)
66 silly placeDep ROOT @decidim/dev@0.27.2 REPLACE for: decidim-hacks@0.1.0 want: ~0.27.1
67 silly placeDep ROOT @decidim/eslint-config@0.27.2 REPLACE for: decidim-hacks@0.1.0 want: ~0.27.1
68 silly placeDep ROOT @decidim/stylelint-config@0.27.2 REPLACE for: decidim-hacks@0.1.0 want: ~0.27.1
69 timing idealTree:#root Completed in 6192ms
70 timing idealTree:node_modules/@decidim/dev Completed in 0ms
71 timing idealTree:node_modules/@decidim/eslint-config Completed in 0ms
72 timing idealTree:node_modules/@decidim/stylelint-config Completed in 0ms
73 timing idealTree:buildDeps Completed in 6194ms
74 timing idealTree:fixDepFlags Completed in 7ms
75 timing idealTree Completed in 6863ms
76 timing reify:loadTrees Completed in 6863ms
77 timing reify:diffTrees Completed in 14ms
78 silly reify mark retired [ '/app/node_modules/@decidim/dev' ]
79 silly reify mark retired [ '/app/node_modules/@decidim/eslint-config' ]
80 silly reify mark retired [ '/app/node_modules/@decidim/stylelint-config' ]
81 silly reify moves {
81 silly reify   '/app/node_modules/@decidim/dev': '/app/node_modules/@decidim/.dev-97VXMGKE',
81 silly reify   '/app/node_modules/@decidim/eslint-config': '/app/node_modules/@decidim/.eslint-config-V4vuOltR',
81 silly reify   '/app/node_modules/@decidim/stylelint-config': '/app/node_modules/@decidim/.stylelint-config-AvUmeIwa'
81 silly reify }
82 timing reify:retireShallow Completed in 4ms
83 timing reify:createSparse Completed in 2ms
84 timing reify:loadBundles Completed in 0ms
85 silly audit bulk request {
85 silly audit   '@ampproject/remapping': [ '2.2.0' ],
85 silly audit   '@apollo/client': [ '3.7.7' ],
85 silly audit   '@babel/code-frame': [ '7.18.6', '7.12.11' ],
85 silly audit   '@babel/compat-data': [ '7.20.14' ],
85 silly audit   '@babel/core': [ '7.20.12' ],
85 silly audit   '@babel/eslint-parser': [ '7.19.1' ],
85 silly audit   '@babel/generator': [ '7.20.14' ],
85 silly audit   '@jridgewell/gen-mapping': [ '0.3.2', '0.1.1' ],
85 silly audit   '@babel/helper-annotate-as-pure': [ '7.18.6' ],
85 silly audit   '@babel/helper-builder-binary-assignment-operator-visitor': [ '7.18.9' ],
85 silly audit   '@babel/helper-compilation-targets': [ '7.20.7' ],
85 silly audit   '@babel/helper-create-class-features-plugin': [ '7.20.12' ],
85 silly audit   '@babel/helper-create-regexp-features-plugin': [ '7.20.5' ],
85 silly audit   '@babel/helper-define-polyfill-provider': [ '0.3.3' ],
85 silly audit   '@babel/helper-environment-visitor': [ '7.18.9' ],
85 silly audit   '@babel/helper-explode-assignable-expression': [ '7.18.6' ],
85 silly audit   '@babel/helper-function-name': [ '7.19.0' ],
85 silly audit   '@babel/helper-hoist-variables': [ '7.18.6' ],
85 silly audit   '@babel/helper-member-expression-to-functions': [ '7.20.7' ],
85 silly audit   '@babel/helper-module-imports': [ '7.18.6' ],
85 silly audit   '@babel/helper-module-transforms': [ '7.20.11' ],
85 silly audit   '@babel/helper-optimise-call-expression': [ '7.18.6' ],
85 silly audit   '@babel/helper-plugin-utils': [ '7.20.2' ],
85 silly audit   '@babel/helper-remap-async-to-generator': [ '7.18.9' ],
85 silly audit   '@babel/helper-replace-supers': [ '7.20.7' ],
85 silly audit   '@babel/helper-simple-access': [ '7.20.2' ],
85 silly audit   '@babel/helper-skip-transparent-expression-wrappers': [ '7.20.0' ],
85 silly audit   '@babel/helper-split-export-declaration': [ '7.18.6' ],
85 silly audit   '@babel/helper-string-parser': [ '7.19.4' ],
85 silly audit   '@babel/helper-validator-identifier': [ '7.19.1' ],
85 silly audit   '@babel/helper-validator-option': [ '7.18.6' ],
85 silly audit   '@babel/helper-wrap-function': [ '7.20.5' ],
85 silly audit   '@babel/helpers': [ '7.20.13' ],
85 silly audit   '@babel/highlight': [ '7.18.6' ],
85 silly audit   '@babel/parser': [ '7.20.15' ],
85 silly audit   '@babel/plugin-bugfix-safari-id-destructuring-collision-in-function-expression': [ '7.18.6' ],
85 silly audit   '@babel/plugin-bugfix-v8-spread-parameters-in-optional-chaining': [ '7.20.7' ],
85 silly audit   '@babel/plugin-proposal-async-generator-functions': [ '7.20.7' ],
85 silly audit   '@babel/plugin-proposal-class-properties': [ '7.18.6' ],
85 silly audit   '@babel/plugin-proposal-class-static-block': [ '7.20.7' ],
85 silly audit   '@babel/plugin-proposal-dynamic-import': [ '7.18.6' ],
85 silly audit   '@babel/plugin-proposal-export-namespace-from': [ '7.18.9' ],
85 silly audit   '@babel/plugin-proposal-json-strings': [ '7.18.6' ],
85 silly audit   '@babel/plugin-proposal-logical-assignment-operators': [ '7.20.7' ],
85 silly audit   '@babel/plugin-proposal-nullish-coalescing-operator': [ '7.18.6' ],
85 silly audit   '@babel/plugin-proposal-numeric-separator': [ '7.18.6' ],
85 silly audit   '@babel/plugin-proposal-object-rest-spread': [ '7.20.7' ],
85 silly audit   '@babel/plugin-proposal-optional-catch-binding': [ '7.18.6' ],
85 silly audit   '@babel/plugin-proposal-optional-chaining': [ '7.20.7' ],
85 silly audit   '@babel/plugin-proposal-private-methods': [ '7.18.6' ],
85 silly audit   '@babel/plugin-proposal-private-property-in-object': [ '7.20.5' ],
85 silly audit   '@babel/plugin-proposal-unicode-property-regex': [ '7.18.6' ],
85 silly audit   '@babel/plugin-syntax-async-generators': [ '7.8.4' ],
85 silly audit   '@babel/plugin-syntax-class-properties': [ '7.12.13' ],
85 silly audit   '@babel/plugin-syntax-class-static-block': [ '7.14.5' ],
85 silly audit   '@babel/plugin-syntax-dynamic-import': [ '7.8.3' ],
85 silly audit   '@babel/plugin-syntax-export-namespace-from': [ '7.8.3' ],
85 silly audit   '@babel/plugin-syntax-import-assertions': [ '7.20.0' ],
85 silly audit   '@babel/plugin-syntax-json-strings': [ '7.8.3' ],
85 silly audit   '@babel/plugin-syntax-jsx': [ '7.18.6' ],
85 silly audit   '@babel/plugin-syntax-logical-assignment-operators': [ '7.10.4' ],
85 silly audit   '@babel/plugin-syntax-nullish-coalescing-operator': [ '7.8.3' ],
85 silly audit   '@babel/plugin-syntax-numeric-separator': [ '7.10.4' ],
85 silly audit   '@babel/plugin-syntax-object-rest-spread': [ '7.8.3' ],
85 silly audit   '@babel/plugin-syntax-optional-catch-binding': [ '7.8.3' ],
85 silly audit   '@babel/plugin-syntax-optional-chaining': [ '7.8.3' ],
85 silly audit   '@babel/plugin-syntax-private-property-in-object': [ '7.14.5' ],
85 silly audit   '@babel/plugin-syntax-top-level-await': [ '7.14.5' ],
85 silly audit   '@babel/plugin-transform-arrow-functions': [ '7.20.7' ],
85 silly audit   '@babel/plugin-transform-async-to-generator': [ '7.20.7' ],
85 silly audit   '@babel/plugin-transform-block-scoped-functions': [ '7.18.6' ],
85 silly audit   '@babel/plugin-transform-block-scoping': [ '7.20.15' ],
85 silly audit   '@babel/plugin-transform-classes': [ '7.20.7' ],
85 silly audit   '@babel/plugin-transform-computed-properties': [ '7.20.7' ],
85 silly audit   '@babel/plugin-transform-destructuring': [ '7.20.7' ],
85 silly audit   '@babel/plugin-transform-dotall-regex': [ '7.18.6' ],
85 silly audit   '@babel/plugin-transform-duplicate-keys': [ '7.18.9' ],
85 silly audit   '@babel/plugin-transform-exponentiation-operator': [ '7.18.6' ],
85 silly audit   '@babel/plugin-transform-for-of': [ '7.18.8' ],
85 silly audit   '@babel/plugin-transform-function-name': [ '7.18.9' ],
85 silly audit   '@babel/plugin-transform-literals': [ '7.18.9' ],
85 silly audit   '@babel/plugin-transform-member-expression-literals': [ '7.18.6' ],
85 silly audit   '@babel/plugin-transform-modules-amd': [ '7.20.11' ],
85 silly audit   '@babel/plugin-transform-modules-commonjs': [ '7.20.11' ],
85 silly audit   '@babel/plugin-transform-modules-systemjs': [ '7.20.11' ],
85 silly audit   '@babel/plugin-transform-modules-umd': [ '7.18.6' ],
85 silly audit   '@babel/plugin-transform-named-capturing-groups-regex': [ '7.20.5' ],
85 silly audit   '@babel/plugin-transform-new-target': [ '7.18.6' ],
85 silly audit   '@babel/plugin-transform-object-super': [ '7.18.6' ],
85 silly audit   '@babel/plugin-transform-parameters': [ '7.20.7' ],
85 silly audit   '@babel/plugin-transform-property-literals': [ '7.18.6' ],
85 silly audit   '@babel/plugin-transform-react-display-name': [ '7.18.6' ],
85 silly audit   '@babel/plugin-transform-react-jsx': [ '7.20.13' ],
85 silly audit   '@babel/plugin-transform-react-jsx-development': [ '7.18.6' ],
85 silly audit   '@babel/plugin-transform-react-pure-annotations': [ '7.18.6' ],
85 silly audit   '@babel/plugin-transform-regenerator': [ '7.20.5' ],
85 silly audit   '@babel/plugin-transform-reserved-words': [ '7.18.6' ],
85 silly audit   '@babel/plugin-transform-runtime': [ '7.19.6' ],
85 silly audit   '@babel/plugin-transform-shorthand-properties': [ '7.18.6' ],
85 silly audit   '@babel/plugin-transform-spread': [ '7.20.7' ],
85 silly audit   '@babel/plugin-transform-sticky-regex': [ '7.18.6' ],
85 silly audit   '@babel/plugin-transform-template-literals': [ '7.18.9' ],
85 silly audit   '@babel/plugin-transform-typeof-symbol': [ '7.18.9' ],
85 silly audit   '@babel/plugin-transform-unicode-escapes': [ '7.18.10' ],
85 silly audit   '@babel/plugin-transform-unicode-regex': [ '7.18.6' ],
85 silly audit   '@babel/preset-env': [ '7.20.2' ],
85 silly audit   '@babel/preset-modules': [ '0.1.5' ],
85 silly audit   '@babel/preset-react': [ '7.18.6' ],
85 silly audit   '@babel/runtime': [ '7.20.13' ],
85 silly audit   '@babel/template': [ '7.20.7' ],
85 silly audit   '@babel/traverse': [ '7.20.13' ],
85 silly audit   '@babel/types': [ '7.20.7' ],
85 silly audit   '@codemirror/language': [ '0.20.2' ],
85 silly audit   '@codemirror/state': [ '0.20.1' ],
85 silly audit   '@codemirror/view': [ '0.20.7' ],
85 silly audit   '@csstools/postcss-cascade-layers': [ '1.1.1' ],
85 silly audit   '@csstools/postcss-color-function': [ '1.1.1' ],
85 silly audit   '@csstools/postcss-font-format-keywords': [ '1.0.1' ],
85 silly audit   '@csstools/postcss-hwb-function': [ '1.0.2' ],
85 silly audit   '@csstools/postcss-ic-unit': [ '1.0.1' ],
85 silly audit   '@csstools/postcss-is-pseudo-class': [ '2.0.7' ],
85 silly audit   '@csstools/postcss-nested-calc': [ '1.0.0' ],
85 silly audit   '@csstools/postcss-normalize-display-values': [ '1.0.1' ],
85 silly audit   '@csstools/postcss-oklab-function': [ '1.1.1' ],
85 silly audit   '@csstools/postcss-progressive-custom-properties': [ '1.3.0' ],
85 silly audit   '@csstools/postcss-stepped-value-functions': [ '1.0.1' ],
85 silly audit   '@csstools/postcss-text-decoration-shorthand': [ '1.0.0' ],
85 silly audit   '@csstools/postcss-trigonometric-functions': [ '1.0.2' ],
85 silly audit   '@csstools/postcss-unset-value': [ '1.0.2' ],
85 silly audit   '@csstools/selector-specificity': [ '2.1.1' ],
85 silly audit   '@decidim/browserslist-config': [ '0.27.2' ],
85 silly audit   '@decidim/core': [ '0.27.2' ],
85 silly audit   '@decidim/decidim-bulletin_board': [ '0.23.0' ],
85 silly audit   graphql: [ '15.8.0', '16.6.0' ],
85 silly audit   '@decidim/elections': [ '0.27.2' ],
85 silly audit   '@decidim/voting_schemes-dummy': [ '0.23.0' ],
85 silly audit   '@decidim/voting_schemes-electionguard': [ '0.23.0' ],
85 silly audit   '@decidim/webpacker': [ '0.27.2' ],
85 silly audit   '@discoveryjs/json-ext': [ '0.5.7' ],
85 silly audit   '@eslint/eslintrc': [ '0.4.3' ],
85 silly audit   argparse: [ '1.0.10', '2.0.1' ],
85 silly audit   globals: [ '13.20.0', '11.12.0' ],
85 silly audit   'js-yaml': [ '3.14.1', '4.1.0' ],
85 silly audit   'type-fest': [ '0.20.2', '0.18.1', '0.8.1', '0.6.0', '0.16.0' ],
85 silly audit   '@fortawesome/fontawesome-common-types': [ '0.2.36' ],
85 silly audit   '@fortawesome/fontawesome-svg-core': [ '1.2.36' ],
85 silly audit   '@fortawesome/free-regular-svg-icons': [ '5.15.4' ],
85 silly audit   '@fortawesome/free-solid-svg-icons': [ '5.15.4' ],
85 silly audit   '@graphiql/react': [ '0.10.0' ],
85 silly audit   '@graphiql/toolkit': [ '0.6.1' ],
85 silly audit   '@graphql-typed-document-node/core': [ '3.1.1' ],
85 silly audit   '@humanwhocodes/config-array': [ '0.5.0' ],
85 silly audit   '@humanwhocodes/object-schema': [ '1.2.1' ],
85 silly audit   '@joeattardi/emoji-button': [ '4.6.4' ],
85 silly audit   '@jridgewell/resolve-uri': [ '3.1.0' ],
85 silly audit   '@jridgewell/set-array': [ '1.1.2' ],
85 silly audit   '@jridgewell/source-map': [ '0.3.2' ],
85 silly audit   '@jridgewell/sourcemap-codec': [ '1.4.14' ],
85 silly audit   '@jridgewell/trace-mapping': [ '0.3.17' ],
85 silly audit   '@leichtgewicht/ip-codec': [ '2.0.4' ],
85 silly audit   '@lezer/common': [ '0.16.1' ],
85 silly audit   '@lezer/highlight': [ '0.16.0' ],
85 silly audit   '@lezer/lr': [ '0.16.3' ],
85 silly audit   '@n1ru4l/push-pull-async-iterable-iterator': [ '3.2.0' ],
85 silly audit   '@nicolo-ribaudo/eslint-scope-5-internals': [ '5.1.1-v1' ],
85 silly audit   '@nodelib/fs.scandir': [ '2.1.5' ],
85 silly audit   '@nodelib/fs.stat': [ '2.0.5' ],
85 silly audit   '@nodelib/fs.walk': [ '1.2.8' ],
85 silly audit   '@popperjs/core': [ '2.11.6' ],
85 silly audit   '@rails/activestorage': [ '6.1.7' ],
85 silly audit   '@rails/ujs': [ '6.1.7' ],
85 silly audit   '@rails/webpacker': [ '6.0.0-rc.5' ],
85 silly audit   'compression-webpack-plugin': [ '8.0.1', '9.2.0' ],
85 silly audit   'schema-utils': [ '3.1.1', '4.0.0', '2.7.1' ],
85 silly audit   '@rollup/plugin-babel': [ '5.3.1' ],
85 silly audit   '@rollup/plugin-node-resolve': [ '11.2.1' ],
85 silly audit   '@rollup/plugin-replace': [ '2.4.2' ],
85 silly audit   '@rollup/pluginutils': [ '3.1.0' ],
85 silly audit   '@types/estree': [ '0.0.39', '0.0.51' ],
85 silly audit   '@stylelint/postcss-css-in-js': [ '0.37.3' ],
85 silly audit   '@stylelint/postcss-markdown': [ '0.36.2' ],
85 silly audit   '@surma/rollup-plugin-off-main-thread': [ '2.2.3' ],
85 silly audit   '@tarekraafat/autocomplete.js': [ '10.2.7' ],
85 silly audit   '@types/body-parser': [ '1.19.2' ],
85 silly audit   '@types/bonjour': [ '3.5.10' ],
85 silly audit   '@types/connect': [ '3.4.35' ],
85 silly audit   '@types/connect-history-api-fallback': [ '1.3.5' ],
85 silly audit   '@types/eslint': [ '8.21.0' ],
85 silly audit   '@types/eslint-scope': [ '3.7.4' ],
85 silly audit   '@types/express': [ '4.17.17' ],
85 silly audit   '@types/express-serve-static-core': [ '4.17.33' ],
85 silly audit   '@types/http-proxy': [ '1.17.9' ],
85 silly audit   '@types/json-schema': [ '7.0.11' ],
85 silly audit   '@types/json5': [ '0.0.29' ],
85 silly audit   '@types/mdast': [ '3.0.10' ],
85 silly audit   '@types/mime': [ '3.0.1' ],
85 silly audit   '@types/minimist': [ '1.2.2' ],
85 silly audit   '@types/node': [ '18.13.0' ],
85 silly audit   '@types/normalize-package-data': [ '2.4.1' ],
85 silly audit   '@types/parse-json': [ '4.0.0' ],
85 silly audit   '@types/qs': [ '6.9.7' ],
85 silly audit   '@types/range-parser': [ '1.2.4' ],
85 silly audit   '@types/resolve': [ '1.17.1' ],
85 silly audit   '@types/retry': [ '0.12.0' ],
85 silly audit   '@types/serve-index': [ '1.9.1' ],
85 silly audit   '@types/serve-static': [ '1.15.0' ],
85 silly audit   '@types/sockjs': [ '0.3.33' ],
85 silly audit   '@types/trusted-types': [ '2.0.2' ],
85 silly audit   '@types/unist': [ '2.0.6' ],
85 silly audit   '@types/ws': [ '8.5.4' ],
85 silly audit   '@webassemblyjs/ast': [ '1.11.1' ],
85 silly audit   '@webassemblyjs/floating-point-hex-parser': [ '1.11.1' ],
85 silly audit   '@webassemblyjs/helper-api-error': [ '1.11.1' ],
85 silly audit   '@webassemblyjs/helper-buffer': [ '1.11.1' ],
85 silly audit   '@webassemblyjs/helper-numbers': [ '1.11.1' ],
85 silly audit   '@webassemblyjs/helper-wasm-bytecode': [ '1.11.1' ],
85 silly audit   '@webassemblyjs/helper-wasm-section': [ '1.11.1' ],
85 silly audit   '@webassemblyjs/ieee754': [ '1.11.1' ],
85 silly audit   '@webassemblyjs/leb128': [ '1.11.1' ],
85 silly audit   '@webassemblyjs/utf8': [ '1.11.1' ],
85 silly audit   '@webassemblyjs/wasm-edit': [ '1.11.1' ],
85 silly audit   '@webassemblyjs/wasm-gen': [ '1.11.1' ],
85 silly audit   '@webassemblyjs/wasm-opt': [ '1.11.1' ],
85 silly audit   '@webassemblyjs/wasm-parser': [ '1.11.1' ],
85 silly audit   '@webassemblyjs/wast-printer': [ '1.11.1' ],
85 silly audit   '@webpack-cli/configtest': [ '1.2.0' ],
85 silly audit   '@webpack-cli/info': [ '1.5.0' ],
85 silly audit   '@webpack-cli/serve': [ '1.7.0' ],
85 silly audit   '@wry/context': [ '0.7.0' ],
85 silly audit   '@wry/equality': [ '0.5.3' ],
85 silly audit   '@wry/trie': [ '0.3.2' ],
85 silly audit   '@xtuc/ieee754': [ '1.2.0' ],
85 silly audit   '@xtuc/long': [ '4.2.2' ],
85 silly audit   '@zeitiger/appendaround': [ '1.0.0' ],
85 silly audit   accepts: [ '1.3.8' ],
85 silly audit   acorn: [ '8.8.2', '7.4.1' ],
85 silly audit   'acorn-import-assertions': [ '1.8.0' ],
85 silly audit   'acorn-jsx': [ '5.3.2' ],
85 silly audit   ajv: [ '6.12.6', '8.12.0' ],
85 silly audit   'ajv-formats': [ '2.1.1' ],
85 silly audit   'json-schema-traverse': [ '1.0.0', '0.4.1' ],
85 silly audit   'ajv-keywords': [ '3.5.2', '5.1.0' ],
85 silly audit   'ansi-colors': [ '4.1.3' ],
85 silly audit   'ansi-html-community': [ '0.0.8' ],
85 silly audit   'ansi-regex': [ '5.0.1' ],
85 silly audit   'ansi-styles': [ '3.2.1', '4.3.0' ],
85 silly audit   anymatch: [ '3.1.3' ],
85 silly audit   'aria-query': [ '5.1.3' ],
85 silly audit   'deep-equal': [ '2.2.0', '1.1.1' ],
85 silly audit   'array-flatten': [ '2.1.2', '1.1.1' ],
85 silly audit   'array-includes': [ '3.1.6' ],
85 silly audit   'array-union': [ '2.1.0' ],
85 silly audit   'array.prototype.flat': [ '1.3.1' ],
85 silly audit   'array.prototype.flatmap': [ '1.3.1' ],
85 silly audit   'array.prototype.tosorted': [ '1.1.1' ],
85 silly audit   arrify: [ '1.0.1' ],
85 silly audit   'ast-types-flow': [ '0.0.7' ],
85 silly audit   'astral-regex': [ '2.0.0' ],
85 silly audit   async: [ '2.6.4', '3.2.4' ],
85 silly audit   'at-least-node': [ '1.0.0' ],
85 silly audit   autoprefixer: [ '10.4.13', '9.8.8' ],
85 silly audit   'available-typed-arrays': [ '1.0.5' ],
85 silly audit   'axe-core': [ '4.6.3' ],
85 silly audit   axios: [ '0.21.4' ],
85 silly audit   'axobject-query': [ '3.1.1' ],
85 silly audit   'babel-loader': [ '8.3.0' ],
85 silly audit   'babel-plugin-polyfill-corejs2': [ '0.3.3' ],
85 silly audit   'babel-plugin-polyfill-corejs3': [ '0.6.0' ],
85 silly audit   'babel-plugin-polyfill-regenerator': [ '0.4.1' ],
85 silly audit   bail: [ '1.0.5' ],
85 silly audit   'balanced-match': [ '1.0.2' ],
85 silly audit   'base64-js': [ '1.5.1' ],
85 silly audit   base64url: [ '3.0.1' ],
85 silly audit   batch: [ '0.6.1' ],
85 silly audit   'big.js': [ '5.2.2' ],
85 silly audit   'binary-extensions': [ '2.2.0' ],
85 silly audit   'body-parser': [ '1.20.1' ],
85 silly audit   bytes: [ '3.1.2', '3.0.0' ],
85 silly audit   debug: [ '2.6.9', '4.3.4', '3.2.7' ],
85 silly audit   ms: [ '2.0.0', '2.1.2', '2.1.3' ],
85 silly audit   'bonjour-service': [ '1.1.0' ],
85 silly audit   'bootstrap-tagsinput': [ '0.7.1' ],
85 silly audit   'brace-expansion': [ '1.1.11', '2.0.1' ],
85 silly audit   braces: [ '3.0.2' ],
85 silly audit   browserslist: [ '4.21.5' ],
85 silly audit   buffer: [ '6.0.3' ],
85 silly audit   'buffer-builder': [ '0.2.0' ],
85 silly audit   'buffer-from': [ '1.1.2' ],
85 silly audit   'builtin-modules': [ '3.3.0' ],
85 silly audit   'call-bind': [ '1.0.2' ],
85 silly audit   callsites: [ '3.1.0' ],
85 silly audit   camelcase: [ '5.3.1' ],
85 silly audit   'camelcase-keys': [ '6.2.2' ],
85 silly audit   'caniuse-lite': [ '1.0.30001451' ],
85 silly audit   chalk: [ '2.4.2', '4.1.2' ],
85 silly audit   'character-entities': [ '1.2.4' ],
85 silly audit   'character-entities-legacy': [ '1.1.4' ],
85 silly audit   'character-reference-invalid': [ '1.1.4' ],
85 silly audit   chokidar: [ '3.5.3' ],
85 silly audit   'chrome-trace-event': [ '1.0.3' ],
85 silly audit   classnames: [ '2.3.2' ],
85 silly audit   clone: [ '2.1.2' ],
85 silly audit   'clone-deep': [ '4.0.1' ],
85 silly audit   'clone-regexp': [ '2.2.0' ],
85 silly audit   'is-regexp': [ '2.1.0', '1.0.0' ],
85 silly audit   codemirror: [ '5.65.11' ],
85 silly audit   'codemirror-graphql': [ '1.3.2' ],
85 silly audit   'color-convert': [ '1.9.3', '2.0.1' ],
85 silly audit   'color-name': [ '1.1.3', '1.1.4' ],
85 silly audit   colorette: [ '2.0.19' ],
85 silly audit   commander: [ '2.20.3', '7.2.0' ],
85 silly audit   'common-tags': [ '1.8.2' ],
85 silly audit   commondir: [ '1.0.1' ],
85 silly audit   compressible: [ '2.0.18' ],
85 silly audit   compression: [ '1.7.4' ],
85 silly audit   'safe-buffer': [ '5.1.2', '5.2.1' ],
85 silly audit   'concat-map': [ '0.0.1' ],
85 silly audit   'connect-history-api-fallback': [ '2.0.0' ],
85 silly audit   'content-disposition': [ '0.5.4' ],
85 silly audit   'content-type': [ '1.0.5' ],
85 silly audit   'convert-source-map': [ '1.9.0' ],
85 silly audit   cookie: [ '0.5.0' ],
85 silly audit   'cookie-signature': [ '1.0.6' ],
85 silly audit   'copy-to-clipboard': [ '3.3.3' ],
85 silly audit   'core-js': [ '3.27.2' ],
85 silly audit   'core-js-compat': [ '3.27.2' ],
85 silly audit   'core-util-is': [ '1.0.3' ],
85 silly audit   cosmiconfig: [ '7.1.0' ],
85 silly audit   'cross-spawn': [ '7.0.3' ],
85 silly audit   'crypto-random-string': [ '2.0.0' ],
85 silly audit   'css-blank-pseudo': [ '3.0.3' ],
85 silly audit   'css-has-pseudo': [ '3.0.4' ],
85 silly audit   'css-loader': [ '6.7.3' ],
85 silly audit   'lru-cache': [ '6.0.0', '5.1.1' ],
85 silly audit   semver: [ '7.3.8', '5.7.1', '6.3.0' ],
85 silly audit   yallist: [ '4.0.0', '3.1.1' ],
85 silly audit   'css-prefers-color-scheme': [ '6.0.3' ],
85 silly audit   cssdb: [ '7.4.1' ],
85 silly audit   cssesc: [ '3.0.0' ],
85 silly audit   d3: [ '5.4.0' ],
85 silly audit   'd3-array': [ '1.2.4' ],
85 silly audit   'd3-axis': [ '1.0.12' ],
85 silly audit   'd3-brush': [ '1.1.6' ],
85 silly audit   'd3-chord': [ '1.0.6' ],
85 silly audit   'd3-collection': [ '1.0.7' ],
85 silly audit   'd3-color': [ '1.4.1' ],
85 silly audit   'd3-contour': [ '1.3.2' ],
85 silly audit   'd3-dispatch': [ '1.0.6' ],
85 silly audit   'd3-drag': [ '1.2.5' ],
85 silly audit   'd3-dsv': [ '1.2.0' ],
85 silly audit   'd3-ease': [ '1.0.7' ],
85 silly audit   'd3-fetch': [ '1.2.0' ],
85 silly audit   'd3-force': [ '1.2.1' ],
85 silly audit   'd3-format': [ '1.4.5' ],
85 silly audit   'd3-geo': [ '1.12.1' ],
85 silly audit   'd3-hierarchy': [ '1.1.9' ],
85 silly audit   'd3-interpolate': [ '1.4.0' ],
85 silly audit   'd3-path': [ '1.0.9' ],
85 silly audit   'd3-polygon': [ '1.0.6' ],
85 silly audit   'd3-quadtree': [ '1.0.7' ],
85 silly audit   'd3-random': [ '1.1.2' ],
85 silly audit   'd3-scale': [ '2.2.2' ],
85 silly audit   'd3-scale-chromatic': [ '1.5.0' ],
85 silly audit   'd3-selection': [ '1.4.2' ],
85 silly audit   'd3-shape': [ '1.3.7' ],
85 silly audit   'd3-time': [ '1.1.0' ],
85 silly audit   'd3-time-format': [ '2.3.0' ],
85 silly audit   'd3-timer': [ '1.0.10' ],
85 silly audit   'd3-transition': [ '1.3.2' ],
85 silly audit   'd3-voronoi': [ '1.1.4' ],
85 silly audit   'd3-zoom': [ '1.8.3' ],
85 silly audit   'damerau-levenshtein': [ '1.0.8' ],
85 silly audit   dayjs: [ '1.11.7' ],
85 silly audit   decamelize: [ '1.2.0' ],
85 silly audit   'decamelize-keys': [ '1.1.1' ],
85 silly audit   'map-obj': [ '1.0.1', '4.3.0' ],
85 silly audit   'deep-is': [ '0.1.4' ],
85 silly audit   deepmerge: [ '4.3.0' ],
85 silly audit   'default-gateway': [ '6.0.3' ],
85 silly audit   'define-lazy-prop': [ '2.0.0' ],
85 silly audit   'define-properties': [ '1.1.4' ],
85 silly audit   depd: [ '2.0.0', '1.1.2' ],
85 silly audit   destroy: [ '1.2.0' ],
85 silly audit   'detect-node': [ '2.1.0' ],
85 silly audit   diff: [ '5.1.0' ],
85 silly audit   'dir-glob': [ '3.0.1' ],
85 silly audit   'dns-equal': [ '1.0.0' ],
85 silly audit   'dns-packet': [ '5.4.0' ],
85 silly audit   doctrine: [ '3.0.0', '2.1.0' ],
85 silly audit   'dom-serializer': [ '0.2.2' ],
85 silly audit   domelementtype: [ '2.3.0', '1.3.1' ],
85 silly audit   domhandler: [ '2.4.2' ],
85 silly audit   domutils: [ '1.7.0' ],
85 silly audit   'ee-first': [ '1.1.1' ],
85 silly audit   ejs: [ '3.1.8' ],
85 silly audit   'electron-to-chromium': [ '1.4.289' ],
85 silly audit   'emoji-regex': [ '9.2.2', '8.0.0' ],
85 silly audit   'emojis-list': [ '3.0.0' ],
85 silly audit   encodeurl: [ '1.0.2' ],
85 silly audit   'enhanced-resolve': [ '5.12.0' ],
85 silly audit   enquirer: [ '2.3.6' ],
85 silly audit   entities: [ '2.2.0', '1.1.2', '2.1.0' ],
85 silly audit   envinfo: [ '7.8.1' ],
85 silly audit   'error-ex': [ '1.3.2' ],
85 silly audit   'es-abstract': [ '1.21.1' ],
85 silly audit   'es-get-iterator': [ '1.1.3' ],
85 silly audit   'es-module-lexer': [ '0.9.3' ],
85 silly audit   'es-set-tostringtag': [ '2.0.1' ],
85 silly audit   'es-shim-unscopables': [ '1.0.0' ],
85 silly audit   'es-to-primitive': [ '1.2.1' ],
85 silly audit   'es6-promise': [ '4.2.8' ],
85 silly audit   escalade: [ '3.1.1' ],
85 silly audit   'escape-html': [ '1.0.3' ],
85 silly audit   'escape-string-regexp': [ '1.0.5', '4.0.0' ],
85 silly audit   eslint: [ '7.32.0' ],
85 silly audit   'eslint-config-prettier': [ '8.6.0' ],
85 silly audit   'eslint-config-standard': [ '11.0.0' ],
85 silly audit   'eslint-import-resolver-node': [ '0.3.7' ],
85 silly audit   'eslint-module-utils': [ '2.7.4' ],
85 silly audit   'eslint-plugin-es': [ '3.0.1' ],
85 silly audit   'eslint-plugin-import': [ '2.27.5' ],
85 silly audit   'eslint-plugin-jsx-a11y': [ '6.7.1' ],
85 silly audit   'eslint-plugin-node': [ '11.1.0' ],
85 silly audit   ignore: [ '5.2.4', '4.0.6' ],
85 silly audit   'eslint-plugin-promise': [ '3.8.0' ],
85 silly audit   'eslint-plugin-react': [ '7.32.2' ],
85 silly audit   estraverse: [ '5.3.0', '4.3.0' ],
85 silly audit   resolve: [ '2.0.0-next.4', '1.22.1' ],
85 silly audit   'eslint-plugin-standard': [ '3.1.0' ],
85 silly audit   'eslint-scope': [ '5.1.1' ],
85 silly audit   'eslint-utils': [ '2.1.0' ],
85 silly audit   'eslint-visitor-keys': [ '1.3.0', '2.1.0' ],
85 silly audit   'has-flag': [ '4.0.0', '3.0.0' ],
85 silly audit   'supports-color': [ '7.2.0', '8.1.1', '5.5.0' ],
85 silly audit   espree: [ '7.3.1' ],
85 silly audit   esprima: [ '4.0.1' ],
85 silly audit   esquery: [ '1.4.0' ],
85 silly audit   esrecurse: [ '4.3.0' ],
85 silly audit   'estree-walker': [ '1.0.1' ],
85 silly audit   esutils: [ '2.0.3' ],
85 silly audit   etag: [ '1.8.1' ],
85 silly audit   eventemitter3: [ '2.0.3', '4.0.7' ],
85 silly audit   events: [ '3.3.0' ],
85 silly audit   execa: [ '5.1.1' ],
85 silly audit   execall: [ '2.0.0' ],
85 silly audit   'expose-loader': [ '2.0.0' ],
85 silly audit   express: [ '4.18.2' ],
85 silly audit   extend: [ '3.0.2' ],
85 silly audit   'fast-deep-equal': [ '3.1.3' ],
85 silly audit   'fast-diff': [ '1.1.2' ],
85 silly audit   'fast-glob': [ '3.2.12' ],
85 silly audit   'fast-json-stable-stringify': [ '2.1.0' ],
85 silly audit   'fast-levenshtein': [ '2.0.6' ],
85 silly audit   'fastest-levenshtein': [ '1.0.16' ],
85 silly audit   fastq: [ '1.15.0' ],
85 silly audit   'faye-websocket': [ '0.11.4' ],
85 silly audit   'file-entry-cache': [ '6.0.1' ],
85 silly audit   filelist: [ '1.0.4' ],
85 silly audit   minimatch: [ '5.1.6', '3.1.2' ],
85 silly audit   'fill-range': [ '7.0.1' ],
85 silly audit   finalhandler: [ '1.2.0' ],
85 silly audit   'find-cache-dir': [ '3.3.2' ],
85 silly audit   'find-up': [ '4.1.0' ],
85 silly audit   'flat-cache': [ '3.0.4' ],
85 silly audit   flatted: [ '3.2.7' ],
85 silly audit   'focus-trap': [ '5.1.0' ],
85 silly audit   'follow-redirects': [ '1.15.2' ],
85 silly audit   'for-each': [ '0.3.3' ],
85 silly audit   forwarded: [ '0.2.0' ],
85 silly audit   'foundation-datepicker': [ '1.5.6' ],
85 silly audit   'foundation-sites': [ '6.7.5' ],
85 silly audit   'fraction.js': [ '4.2.0' ],
85 silly audit   fresh: [ '0.5.2' ],
85 silly audit   'fs-extra': [ '8.1.0', '9.1.0' ],
85 silly audit   jsonfile: [ '4.0.0', '5.0.0', '6.1.0' ],
85 silly audit   'fs-monkey': [ '1.0.3' ],
85 silly audit   'fs.realpath': [ '1.0.0' ],
85 silly audit   fsevents: [ '2.3.2' ],
85 silly audit   'function-bind': [ '1.1.1' ],
85 silly audit   'function.prototype.name': [ '1.1.5' ],
85 silly audit   'functional-red-black-tree': [ '1.0.1' ],
85 silly audit   'functions-have-names': [ '1.2.3' ],
85 silly audit   fuzzysort: [ '1.9.0' ],
85 silly audit   gensync: [ '1.0.0-beta.2' ],
85 silly audit   'get-intrinsic': [ '1.2.0' ],
85 silly audit   'get-own-enumerable-property-symbols': [ '3.0.2' ],
85 silly audit   'get-stdin': [ '8.0.0' ],
85 silly audit   'get-stream': [ '6.0.1' ],
85 silly audit   'get-symbol-description': [ '1.0.0' ],
85 silly audit   glob: [ '7.2.3' ],
85 silly audit   'glob-parent': [ '5.1.2' ],
85 silly audit   'glob-to-regexp': [ '0.4.1' ],
85 silly audit   'global-modules': [ '2.0.0' ],
85 silly audit   'global-prefix': [ '3.0.0' ],
85 silly audit   which: [ '1.3.1', '2.0.2' ],
85 silly audit   globalthis: [ '1.0.3' ],
85 silly audit   globby: [ '11.1.0' ],
85 silly audit   globjoin: [ '0.1.4' ],
85 silly audit   'gonzales-pe': [ '4.3.0' ],
85 silly audit   'google-protobuf': [ '3.21.2' ],
85 silly audit   gopd: [ '1.0.1' ],
85 silly audit   'graceful-fs': [ '4.2.10' ],
85 silly audit   graphiql: [ '1.11.5' ],
85 silly audit   'graphql-language-service': [ '5.1.1' ],
85 silly audit   'graphql-tag': [ '2.12.6' ],
85 silly audit   'graphql-ws': [ '5.11.3' ],
85 silly audit   'handle-thing': [ '2.0.1' ],
85 silly audit   'hard-rejection': [ '2.1.0' ],
85 silly audit   'harmony-reflect': [ '1.6.2' ],
85 silly audit   has: [ '1.0.3' ],
85 silly audit   'has-bigints': [ '1.0.2' ],
85 silly audit   'has-property-descriptors': [ '1.0.0' ],
85 silly audit   'has-proto': [ '1.0.1' ],
85 silly audit   'has-symbols': [ '1.0.3' ],
85 silly audit   'has-tostringtag': [ '1.0.0' ],
85 silly audit   'hoist-non-react-statics': [ '3.3.2' ],
85 silly audit   'hosted-git-info': [ '4.1.0', '2.8.9' ],
85 silly audit   'hpack.js': [ '2.1.6' ],
85 silly audit   isarray: [ '1.0.0', '2.0.5' ],
85 silly audit   'readable-stream': [ '2.3.7', '3.6.0' ],
85 silly audit   string_decoder: [ '1.1.1', '1.3.0' ],
85 silly audit   'html-entities': [ '2.3.3' ],
85 silly audit   'html-tags': [ '3.2.0' ],
85 silly audit   html5sortable: [ '0.10.0' ],
85 silly audit   htmlparser2: [ '3.10.1' ],
85 silly audit   'http-deceiver': [ '1.2.7' ],
85 silly audit   'http-errors': [ '2.0.0', '1.6.3' ],
85 silly audit   'http-parser-js': [ '0.5.8' ],
85 silly audit   'http-proxy': [ '1.18.1' ],
85 silly audit   'http-proxy-middleware': [ '2.0.6' ],
85 silly audit   'is-plain-obj': [ '3.0.0', '1.1.0', '2.1.0' ],
85 silly audit   'human-signals': [ '2.1.0' ],
85 silly audit   'iconv-lite': [ '0.4.24' ],
85 silly audit   'icss-utils': [ '5.1.0' ],
85 silly audit   idb: [ '7.1.1' ],
85 silly audit   'identity-obj-proxy': [ '3.0.0' ],
85 silly audit   ieee754: [ '1.2.1' ],
85 silly audit   immutable: [ '4.2.4' ],
85 silly audit   'import-fresh': [ '3.3.0' ],
85 silly audit   'import-lazy': [ '4.0.0' ],
85 silly audit   'import-local': [ '3.1.0' ],
85 silly audit   imurmurhash: [ '0.1.4' ],
85 silly audit   'indent-string': [ '4.0.0' ],
85 silly audit   inflight: [ '1.0.6' ],
85 silly audit   inherits: [ '2.0.4', '2.0.3' ],
85 silly audit   ini: [ '1.3.8' ],
85 silly audit   'internal-slot': [ '1.0.4' ],
85 silly audit   interpret: [ '2.2.0' ],
85 silly audit   intl: [ '1.2.5' ],
85 silly audit   'ipaddr.js': [ '2.0.1', '1.9.1' ],
85 silly audit   'is-alphabetical': [ '1.0.4' ],
85 silly audit   'is-alphanumerical': [ '1.0.4' ],
85 silly audit   'is-arguments': [ '1.1.1' ],
85 silly audit   'is-array-buffer': [ '3.0.1' ],
85 silly audit   'is-arrayish': [ '0.2.1' ],
85 silly audit   'is-bigint': [ '1.0.4' ],
85 silly audit   'is-binary-path': [ '2.1.0' ],
85 silly audit   'is-boolean-object': [ '1.1.2' ],
85 silly audit   'is-buffer': [ '2.0.5' ],
85 silly audit   'is-callable': [ '1.2.7' ],
85 silly audit   'is-core-module': [ '2.11.0' ],
85 silly audit   'is-date-object': [ '1.0.5' ],
85 silly audit   'is-decimal': [ '1.0.4' ],
85 silly audit   'is-docker': [ '2.2.1' ],
85 silly audit   'is-extglob': [ '2.1.1' ],
85 silly audit   'is-fullwidth-code-point': [ '3.0.0' ],
85 silly audit   'is-glob': [ '4.0.3' ],
85 silly audit   'is-hexadecimal': [ '1.0.4' ],
85 silly audit   'is-map': [ '2.0.2' ],
85 silly audit   'is-module': [ '1.0.0' ],
85 silly audit   'is-negative-zero': [ '2.0.2' ],
85 silly audit   'is-number': [ '7.0.0' ],
85 silly audit   'is-number-object': [ '1.0.7' ],
85 silly audit   'is-obj': [ '1.0.1' ],
85 silly audit   'is-plain-object': [ '2.0.4' ],
85 silly audit   'is-primitive': [ '3.0.1' ],
85 silly audit   'is-regex': [ '1.1.4' ],
85 silly audit   'is-set': [ '2.0.2' ],
85 silly audit   'is-shared-array-buffer': [ '1.0.2' ],
85 silly audit   'is-stream': [ '2.0.1' ],
85 silly audit   'is-string': [ '1.0.7' ],
85 silly audit   'is-symbol': [ '1.0.4' ],
85 silly audit   'is-typed-array': [ '1.1.10' ],
85 silly audit   'is-typedarray': [ '1.0.0' ],
85 silly audit   'is-unicode-supported': [ '0.1.0' ],
85 silly audit   'is-weakmap': [ '2.0.1' ],
85 silly audit   'is-weakref': [ '1.0.2' ],
85 silly audit   'is-weakset': [ '2.0.2' ],
85 silly audit   'is-wsl': [ '2.2.0' ],
85 silly audit   isexe: [ '2.0.0' ],
85 silly audit   isobject: [ '3.0.1' ],
85 silly audit   jake: [ '10.8.5' ],
85 silly audit   'jest-worker': [ '27.5.1', '26.6.2' ],
85 silly audit   jquery: [ '3.6.3' ],
85 silly audit   'jquery-serializejson': [ '2.9.0' ],
85 silly audit   'js-cookie': [ '3.0.1' ],
85 silly audit   'js-tokens': [ '4.0.0' ],
85 silly audit   jsesc: [ '2.5.2', '0.5.0' ],
85 silly audit   'json-parse-even-better-errors': [ '2.3.1' ],
85 silly audit   'json-schema': [ '0.4.0' ],
85 silly audit   'json-stable-stringify-without-jsonify': [ '1.0.1' ],
85 silly audit   json5: [ '2.2.3', '1.0.2' ],
85 silly audit   jsonpointer: [ '5.0.1' ],
85 silly audit   'jsx-ast-utils': [ '3.3.3' ],
85 silly audit   'kind-of': [ '6.0.3' ],
85 silly audit   klona: [ '2.0.6' ],
85 silly audit   'known-css-properties': [ '0.21.0' ],
85 silly audit   'language-subtag-registry': [ '0.3.22' ],
85 silly audit   'language-tags': [ '1.0.5' ],
85 silly audit   leaflet: [ '1.3.1' ],
85 silly audit   'leaflet-tilelayer-here': [ '1.0.2' ],
85 silly audit   'leaflet.markercluster': [ '1.4.1' ],
85 silly audit   leven: [ '3.1.0' ],
85 silly audit   levn: [ '0.4.1' ],
85 silly audit   'lines-and-columns': [ '1.2.4' ],
85 silly audit   'linkify-it': [ '3.0.3' ],
85 silly audit   'loader-runner': [ '4.3.0' ],
85 silly audit   'loader-utils': [ '2.0.4', '1.4.2' ],
85 silly audit   'locate-path': [ '5.0.0' ],
85 silly audit   lockfile: [ '1.0.4' ],
85 silly audit   lodash: [ '4.17.21' ],
85 silly audit   'lodash.debounce': [ '4.0.8' ],
85 silly audit   'lodash.get': [ '4.4.2' ],
85 silly audit   'lodash.has': [ '4.5.2' ],
85 silly audit   'lodash.merge': [ '4.6.2' ],
85 silly audit   'lodash.sortby': [ '4.7.0' ],
85 silly audit   'lodash.truncate': [ '4.4.2' ],
85 silly audit   'log-symbols': [ '4.1.0' ],
85 silly audit   long: [ '5.2.1' ],
85 silly audit   'longest-streak': [ '2.0.4' ],
85 silly audit   'loose-envify': [ '1.4.0' ],
85 silly audit   'magic-string': [ '0.25.9' ],
85 silly audit   'make-dir': [ '3.1.0' ],
85 silly audit   'markdown-it': [ '12.3.2' ],
85 silly audit   'mathml-tag-names': [ '2.1.3' ],
85 silly audit   'mdast-util-from-markdown': [ '0.8.5' ],
85 silly audit   'mdast-util-to-markdown': [ '0.6.5' ],
85 silly audit   'mdast-util-to-string': [ '2.0.0' ],
85 silly audit   mdurl: [ '1.0.1' ],
85 silly audit   'media-typer': [ '0.3.0' ],
85 silly audit   memfs: [ '3.4.13' ],
85 silly audit   meow: [ '9.0.0' ],
85 silly audit   'merge-descriptors': [ '1.0.1' ],
85 silly audit   'merge-stream': [ '2.0.0' ],
85 silly audit   merge2: [ '1.4.1' ],
85 silly audit   meros: [ '1.2.1' ],
85 silly audit   methods: [ '1.1.2' ],
85 silly audit   micromark: [ '2.11.4' ],
85 silly audit   micromatch: [ '4.0.5' ],
85 silly audit   mime: [ '1.6.0' ],
85 silly audit   'mime-db': [ '1.52.0' ],
85 silly audit   'mime-types': [ '2.1.35' ],
85 silly audit   'mimic-fn': [ '2.1.0' ],
85 silly audit   'min-indent': [ '1.0.1' ],
85 silly audit   'mini-css-extract-plugin': [ '2.7.2' ],
85 silly audit   'minimalistic-assert': [ '1.0.1' ],
85 silly audit   minimist: [ '1.2.7' ],
85 silly audit   'minimist-options': [ '4.1.0' ],
85 silly audit   moment: [ '2.29.4' ],
85 silly audit   morphdom: [ '2.6.1' ],
85 silly audit   'motion-ui': [ '2.0.4' ],
85 silly audit   'multicast-dns': [ '7.2.5' ],
85 silly audit   nanoid: [ '3.3.4' ],
85 silly audit   'natural-compare': [ '1.4.0' ],
85 silly audit   negotiator: [ '0.6.3' ],
85 silly audit   'neo-async': [ '2.6.2' ],
85 silly audit   'node-forge': [ '1.3.1' ],
85 silly audit   'node-jose': [ '2.1.1' ],
85 silly audit   uuid: [ '8.3.2', '3.4.0' ],
85 silly audit   'node-releases': [ '2.0.10' ],
85 silly audit   'normalize-package-data': [ '3.0.3', '2.5.0' ],
85 silly audit   'normalize-path': [ '3.0.0' ],
85 silly audit   'normalize-range': [ '0.1.2' ],
85 silly audit   'normalize-selector': [ '0.2.0' ],
85 silly audit   'npm-run-path': [ '4.0.1' ],
85 silly audit   nullthrows: [ '1.1.1' ],
85 silly audit   num2fraction: [ '1.2.2' ],
85 silly audit   'object-assign': [ '4.1.1' ],
85 silly audit   'object-inspect': [ '1.12.3' ],
85 silly audit   'object-is': [ '1.1.5' ],
85 silly audit   'object-keys': [ '1.1.1' ],
85 silly audit   'object.assign': [ '4.1.4' ],
85 silly audit   'object.entries': [ '1.1.6' ],
85 silly audit   'object.fromentries': [ '2.0.6' ],
85 silly audit   'object.hasown': [ '1.1.2' ],
85 silly audit   'object.values': [ '1.1.6' ],
85 silly audit   obuf: [ '1.1.2' ],
85 silly audit   'on-finished': [ '2.4.1' ],
85 silly audit   'on-headers': [ '1.0.2' ],
85 silly audit   once: [ '1.4.0' ],
85 silly audit   onetime: [ '5.1.2' ],
85 silly audit   open: [ '8.4.1' ],
85 silly audit   optimism: [ '0.16.2' ],
85 silly audit   optionator: [ '0.9.1' ],
85 silly audit   'p-limit': [ '2.3.0' ],
85 silly audit   'p-locate': [ '4.1.0' ],
85 silly audit   'p-retry': [ '4.6.2' ],
85 silly audit   'p-try': [ '2.2.0' ],
85 silly audit   pako: [ '2.1.0' ],
85 silly audit   parchment: [ '1.1.4' ],
85 silly audit   'parent-module': [ '1.0.1' ],
85 silly audit   'parse-entities': [ '2.0.0' ],
85 silly audit   'parse-json': [ '5.2.0' ],
85 silly audit   parseurl: [ '1.3.3' ],
85 silly audit   'path-complete-extname': [ '1.0.0' ],
85 silly audit   'path-exists': [ '4.0.0' ],
85 silly audit   'path-is-absolute': [ '1.0.1' ],
85 silly audit   'path-key': [ '3.1.1' ],
85 silly audit   'path-parse': [ '1.0.7' ],
85 silly audit   'path-to-regexp': [ '0.1.7' ],
85 silly audit   'path-type': [ '4.0.0' ],
85 silly audit   'performance-now': [ '2.1.0' ],
85 silly audit   picocolors: [ '1.0.0', '0.2.1' ],
85 silly audit   picomatch: [ '2.3.1' ],
85 silly audit   pify: [ '2.3.0' ],
85 silly audit   'pkg-dir': [ '4.2.0' ],
85 silly audit   'pnp-webpack-plugin': [ '1.7.0' ],
85 silly audit   postcss: [ '8.4.21', '7.0.39' ],
85 silly audit   'postcss-attribute-case-insensitive': [ '5.0.2' ],
85 silly audit   'postcss-clamp': [ '4.1.0' ],
85 silly audit   'postcss-color-functional-notation': [ '4.2.4' ],
85 silly audit   'postcss-color-hex-alpha': [ '8.0.4' ],
85 silly audit   'postcss-color-rebeccapurple': [ '7.1.1' ],
85 silly audit   'postcss-custom-media': [ '8.0.2' ],
85 silly audit   'postcss-custom-properties': [ '12.1.11' ],
85 silly audit   'postcss-custom-selectors': [ '6.0.3' ],
85 silly audit   'postcss-dir-pseudo-class': [ '6.0.5' ],
85 silly audit   'postcss-double-position-gradients': [ '3.1.2' ],
85 silly audit   'postcss-env-function': [ '4.0.6' ],
85 silly audit   'postcss-flexbugs-fixes': [ '5.0.2' ],
85 silly audit   'postcss-focus-visible': [ '6.0.4' ],
85 silly audit   'postcss-focus-within': [ '5.0.4' ],
85 silly audit   'postcss-font-variant': [ '5.0.0' ],
85 silly audit   'postcss-gap-properties': [ '3.0.5' ],
85 silly audit   'postcss-html': [ '0.36.0' ],
85 silly audit   'postcss-image-set-function': [ '4.0.7' ],
85 silly audit   'postcss-import': [ '14.1.0' ],
85 silly audit   'postcss-initial': [ '4.0.1' ],
85 silly audit   'postcss-lab-function': [ '4.2.1' ],
85 silly audit   'postcss-less': [ '3.1.4' ],
85 silly audit   'postcss-loader': [ '6.2.1' ],
85 silly audit   'postcss-logical': [ '5.0.4' ],
85 silly audit   'postcss-media-minmax': [ '5.0.0' ],
85 silly audit   'postcss-media-query-parser': [ '0.2.3' ],
85 silly audit   'postcss-modules-extract-imports': [ '3.0.0' ],
85 silly audit   'postcss-modules-local-by-default': [ '4.0.0' ],
85 silly audit   'postcss-modules-scope': [ '3.0.0' ],
85 silly audit   'postcss-modules-values': [ '4.0.0' ],
85 silly audit   'postcss-nesting': [ '10.2.0' ],
85 silly audit   'postcss-opacity-percentage': [ '1.1.3' ],
85 silly audit   'postcss-overflow-shorthand': [ '3.0.4' ],
85 silly audit   'postcss-page-break': [ '3.0.4' ],
85 silly audit   'postcss-place': [ '7.0.5' ],
85 silly audit   'postcss-preset-env': [ '7.8.3' ],
85 silly audit   'postcss-pseudo-class-any-link': [ '7.1.6' ],
85 silly audit   'postcss-replace-overflow-wrap': [ '4.0.0' ],
85 silly audit   'postcss-resolve-nested-selector': [ '0.1.1' ],
85 silly audit   'postcss-safe-parser': [ '4.0.2' ],
85 silly audit   'postcss-sass': [ '0.4.4' ],
85 silly audit   'postcss-scss': [ '4.0.6', '2.1.1' ],
85 silly audit   'postcss-selector-not': [ '6.0.1' ],
85 silly audit   'postcss-selector-parser': [ '6.0.11' ],
85 silly audit   'postcss-syntax': [ '0.36.2' ],
85 silly audit   'postcss-value-parser': [ '4.2.0' ],
85 silly audit   'prelude-ls': [ '1.2.1' ],
85 silly audit   'pretty-bytes': [ '5.6.0' ],
85 silly audit   process: [ '0.11.10' ],
85 silly audit   'process-nextick-args': [ '2.0.1' ],
85 silly audit   progress: [ '2.0.3' ],
85 silly audit   'prop-types': [ '15.8.1' ],
85 silly audit   'proxy-addr': [ '2.0.7' ],
85 silly audit   punycode: [ '2.3.0' ],
85 silly audit   qs: [ '6.11.0' ],
85 silly audit   'queue-microtask': [ '1.2.3' ],
85 silly audit   'quick-lru': [ '4.0.1' ],
85 silly audit   quill: [ '1.3.7' ],
85 silly audit   'quill-delta': [ '3.6.3' ],
85 silly audit   raf: [ '3.4.1' ],
85 silly audit   randombytes: [ '2.1.0' ],
85 silly audit   'range-parser': [ '1.2.1' ],
85 silly audit   'raw-body': [ '2.5.1' ],
85 silly audit   react: [ '16.14.0' ],
85 silly audit   'react-dom': [ '16.14.0' ],
85 silly audit   'react-i18nify': [ '1.11.18' ],
85 silly audit   'react-is': [ '16.13.1' ],
85 silly audit   'read-cache': [ '1.0.0' ],
85 silly audit   'read-pkg': [ '5.2.0' ],
85 silly audit   'read-pkg-up': [ '7.0.1' ],
85 silly audit   readdirp: [ '3.6.0' ],
85 silly audit   rechoir: [ '0.7.1' ],
85 silly audit   redent: [ '3.0.0' ],
85 silly audit   regenerate: [ '1.4.2' ],
85 silly audit   'regenerate-unicode-properties': [ '10.1.0' ],
85 silly audit   'regenerator-runtime': [ '0.13.11' ],
85 silly audit   'regenerator-transform': [ '0.15.1' ],
85 silly audit   'regexp.prototype.flags': [ '1.4.3' ],
85 silly audit   regexpp: [ '3.2.0' ],
85 silly audit   'regexpu-core': [ '5.2.2' ],
85 silly audit   regjsgen: [ '0.7.1' ],
85 silly audit   regjsparser: [ '0.9.1' ],
85 silly audit   remark: [ '13.0.0' ],
85 silly audit   'remark-parse': [ '9.0.0' ],
85 silly audit   'remark-stringify': [ '9.0.1' ],
85 silly audit   'repeat-string': [ '1.6.1' ],
85 silly audit   'require-from-string': [ '2.0.2' ],
85 silly audit   'requires-port': [ '1.0.0' ],
85 silly audit   'resolve-cwd': [ '3.0.0' ],
85 silly audit   'resolve-from': [ '5.0.0', '4.0.0' ],
85 silly audit   'response-iterator': [ '0.2.6' ],
85 silly audit   retry: [ '0.13.1' ],
85 silly audit   reusify: [ '1.0.4' ],
85 silly audit   rimraf: [ '3.0.2' ],
85 silly audit   rollup: [ '2.79.1' ],
85 silly audit   'rollup-plugin-terser': [ '7.0.2' ],
85 silly audit   'serialize-javascript': [ '4.0.0', '6.0.1' ],
85 silly audit   'run-parallel': [ '1.2.0' ],
85 silly audit   rw: [ '1.3.3' ],
85 silly audit   rxjs: [ '6.6.7', '7.8.0' ],
85 silly audit   tslib: [ '1.14.1', '2.5.0' ],
85 silly audit   'safe-regex-test': [ '1.0.0' ],
85 silly audit   'safer-buffer': [ '2.1.2' ],
85 silly audit   'sass-embedded': [ '1.57.1' ],
85 silly audit   'sass-embedded-darwin-arm64': [ '1.57.1' ],
85 silly audit   'sass-embedded-darwin-x64': [ '1.57.1' ],
85 silly audit   'sass-embedded-linux-arm': [ '1.57.1' ],
85 silly audit   'sass-embedded-linux-arm64': [ '1.57.1' ],
85 silly audit   'sass-embedded-linux-ia32': [ '1.57.1' ],
85 silly audit   'sass-embedded-linux-x64': [ '1.57.1' ],
85 silly audit   'sass-embedded-win32-ia32': [ '1.57.1' ],
85 silly audit   'sass-embedded-win32-x64': [ '1.57.1' ],
85 silly audit   scheduler: [ '0.19.1' ],
85 silly audit   select: [ '1.1.2' ],
85 silly audit   'select-hose': [ '2.0.0' ],
85 silly audit   selfsigned: [ '2.1.1' ],
85 silly audit   send: [ '0.18.0' ],
85 silly audit   'serve-index': [ '1.9.1' ],
85 silly audit   setprototypeof: [ '1.1.0', '1.2.0' ],
85 silly audit   statuses: [ '1.5.0', '2.0.1' ],
85 silly audit   'serve-static': [ '1.15.0' ],
85 silly audit   'set-value': [ '4.1.0' ],
85 silly audit   'shallow-clone': [ '3.0.1' ],
85 silly audit   'shebang-command': [ '2.0.0' ],
85 silly audit   'shebang-regex': [ '3.0.0' ],
85 silly audit   'side-channel': [ '1.0.4' ],
85 silly audit   'signal-exit': [ '3.0.7' ],
85 silly audit   slash: [ '3.0.0' ],
85 silly audit   'slice-ansi': [ '4.0.0' ],
85 silly audit   sockjs: [ '0.3.24' ],
85 silly audit   'source-list-map': [ '2.0.1' ],
85 silly audit   'source-map': [ '0.6.1', '0.8.0-beta.0' ],
85 silly audit   'source-map-js': [ '1.0.2' ],
85 silly audit   'source-map-loader': [ '0.2.4' ],
85 silly audit   'source-map-support': [ '0.5.21' ],
85 silly audit   'sourcemap-codec': [ '1.4.8' ],
85 silly audit   'spark-md5': [ '3.0.2' ],
85 silly audit   'spdx-correct': [ '3.1.1' ],
85 silly audit   'spdx-exceptions': [ '2.3.0' ],
85 silly audit   'spdx-expression-parse': [ '3.0.1' ],
85 silly audit   'spdx-license-ids': [ '3.0.12' ],
85 silly audit   spdy: [ '4.0.2' ],
85 silly audit   'spdy-transport': [ '3.0.0' ],
85 silly audit   specificity: [ '0.4.1' ],
85 silly audit   'sprintf-js': [ '1.0.3' ],
85 silly audit   'stop-iteration-iterator': [ '1.0.0' ],
85 silly audit   'string-width': [ '4.2.3' ],
85 silly audit   'string.prototype.matchall': [ '4.0.8' ],
85 silly audit   'string.prototype.trimend': [ '1.0.6' ],
85 silly audit   'string.prototype.trimstart': [ '1.0.6' ],
85 silly audit   'stringify-object': [ '3.3.0' ],
85 silly audit   'strip-ansi': [ '6.0.1' ],
85 silly audit   'strip-bom': [ '3.0.0' ],
85 silly audit   'strip-comments': [ '2.0.1' ],
85 silly audit   'strip-final-newline': [ '2.0.0' ],
85 silly audit   'strip-indent': [ '3.0.0' ],
85 silly audit   'strip-json-comments': [ '3.1.1' ],
85 silly audit   'style-loader': [ '3.3.1' ],
85 silly audit   'style-mod': [ '4.0.0' ],
85 silly audit   'style-search': [ '0.1.0' ],
85 silly audit   stylelint: [ '13.11.0' ],
85 silly audit   sugarss: [ '2.0.0' ],
85 silly audit   'supports-preserve-symlinks-flag': [ '1.0.0' ],
85 silly audit   'svg-tags': [ '1.0.0' ],
85 silly audit   svg4everybody: [ '2.1.9' ],
85 silly audit   'symbol-observable': [ '4.0.0' ],
85 silly audit   tabbable: [ '4.0.0' ],
85 silly audit   table: [ '6.8.1' ],
85 silly audit   tapable: [ '2.2.1' ],
85 silly audit   'temp-dir': [ '2.0.0' ],
85 silly audit   tempy: [ '0.6.0' ],
85 silly audit   terser: [ '5.16.3' ],
85 silly audit   'terser-webpack-plugin': [ '5.3.6' ],
85 silly audit   'text-table': [ '0.2.0' ],
85 silly audit   thunky: [ '1.1.0' ],
85 silly audit   'tiny-emitter': [ '2.1.0' ],
85 silly audit   'to-fast-properties': [ '2.0.0' ],
85 silly audit   'to-regex-range': [ '5.0.1' ],
85 silly audit   'toggle-selection': [ '1.0.6' ],
85 silly audit   toidentifier: [ '1.0.1' ],
85 silly audit   tr46: [ '1.0.1' ],
85 silly audit   tributejs: [ '5.1.3' ],
85 silly audit   'trim-newlines': [ '3.0.1' ],
85 silly audit   trough: [ '1.0.5' ],
85 silly audit   'ts-invariant': [ '0.10.3' ],
85 silly audit   'ts-pnp': [ '1.2.0' ],
85 silly audit   'tsconfig-paths': [ '3.14.1' ],
85 silly audit   twemoji: [ '12.1.6' ],
85 silly audit   'twemoji-parser': [ '12.1.3' ],
85 silly audit   'type-check': [ '0.4.0' ],
85 silly audit   'type-is': [ '1.6.18' ],
85 silly audit   'typed-array-length': [ '1.0.4' ],
85 silly audit   'typedarray-to-buffer': [ '3.1.5' ],
85 silly audit   'uc.micro': [ '1.0.6' ],
85 silly audit   'unbox-primitive': [ '1.0.2' ],
85 silly audit   unfetch: [ '3.1.2' ],
85 silly audit   'unicode-canonical-property-names-ecmascript': [ '2.0.0' ],
85 silly audit   'unicode-match-property-ecmascript': [ '2.0.0' ],
85 silly audit   'unicode-match-property-value-ecmascript': [ '2.1.0' ],
85 silly audit   'unicode-property-aliases-ecmascript': [ '2.1.0' ],
85 silly audit   unified: [ '9.2.2' ],
85 silly audit   'unique-string': [ '2.0.0' ],
85 silly audit   'unist-util-find-all-after': [ '3.0.2' ],
85 silly audit   'unist-util-is': [ '4.1.0' ],
85 silly audit   'unist-util-stringify-position': [ '2.0.3' ],
85 silly audit   universalify: [ '0.1.2', '2.0.0' ],
85 silly audit   unpipe: [ '1.0.0' ],
85 silly audit   upath: [ '1.2.0' ],
85 silly audit   'update-browserslist-db': [ '1.0.10' ],
85 silly audit   'uri-js': [ '4.4.1' ],
85 silly audit   'util-deprecate': [ '1.0.2' ],
85 silly audit   'utils-merge': [ '1.0.1' ],
85 silly audit   'v8-compile-cache': [ '2.3.0' ],
85 silly audit   'validate-npm-package-license': [ '3.0.4' ],
85 silly audit   vary: [ '1.1.2' ],
85 silly audit   vfile: [ '4.2.1' ],
85 silly audit   'vfile-message': [ '2.0.4' ],
85 silly audit   'vscode-languageserver-types': [ '3.17.2' ],
85 silly audit   'w3c-keyname': [ '2.2.6' ],
85 silly audit   watchpack: [ '2.4.0' ],
85 silly audit   wbuf: [ '1.7.3' ],
85 silly audit   'webidl-conversions': [ '4.0.2' ],
85 silly audit   webpack: [ '5.75.0' ],
85 silly audit   'webpack-assets-manifest': [ '5.1.0' ],
85 silly audit   'webpack-cli': [ '4.10.0' ],
85 silly audit   'webpack-dev-middleware': [ '5.3.3' ],
85 silly audit   'webpack-dev-server': [ '4.11.1' ],
85 silly audit   'webpack-merge': [ '5.8.0' ],
85 silly audit   'webpack-sources': [ '3.2.3', '1.4.3' ],
85 silly audit   'websocket-driver': [ '0.7.4' ],
85 silly audit   'websocket-extensions': [ '0.1.4' ],
85 silly audit   'what-input': [ '5.2.12' ],
85 silly audit   'whatwg-url': [ '7.1.0' ],
85 silly audit   'which-boxed-primitive': [ '1.0.2' ],
85 silly audit   'which-collection': [ '1.0.1' ],
85 silly audit   'which-typed-array': [ '1.1.9' ],
85 silly audit   wildcard: [ '2.0.0' ],
85 silly audit   'word-wrap': [ '1.2.3' ],
85 silly audit   'workbox-background-sync': [ '6.5.4' ],
85 silly audit   'workbox-broadcast-update': [ '6.5.4' ],
85 silly audit   'workbox-build': [ '6.5.4' ],
85 silly audit   '@apideck/better-ajv-errors': [ '0.3.6' ],
85 silly audit   'workbox-cacheable-response': [ '6.5.4' ],
85 silly audit   'workbox-core': [ '6.5.4' ],
85 silly audit   'workbox-expiration': [ '6.5.4' ],
85 silly audit   'workbox-google-analytics': [ '6.5.4' ],
85 silly audit   'workbox-navigation-preload': [ '6.5.4' ],
85 silly audit   'workbox-precaching': [ '6.5.4' ],
85 silly audit   'workbox-range-requests': [ '6.5.4' ],
85 silly audit   'workbox-recipes': [ '6.5.4' ],
85 silly audit   'workbox-routing': [ '6.5.4' ],
85 silly audit   'workbox-strategies': [ '6.5.4' ],
85 silly audit   'workbox-streams': [ '6.5.4' ],
85 silly audit   'workbox-sw': [ '6.5.4' ],
85 silly audit   'workbox-webpack-plugin': [ '6.5.4' ],
85 silly audit   'workbox-window': [ '6.5.4' ],
85 silly audit   wrappy: [ '1.0.2' ],
85 silly audit   'write-file-atomic': [ '3.0.3' ],
85 silly audit   ws: [ '8.12.0' ],
85 silly audit   xtend: [ '4.0.2' ],
85 silly audit   yaml: [ '1.10.2' ],
85 silly audit   'yargs-parser': [ '20.2.9' ],
85 silly audit   'zen-observable': [ '0.8.15' ],
85 silly audit   'zen-observable-ts': [ '1.2.5' ],
85 silly audit   zwitch: [ '1.0.5' ],
85 silly audit   '@decidim/dev': [ '0.27.2' ],
85 silly audit   '@decidim/eslint-config': [ '0.27.2' ],
85 silly audit   '@decidim/stylelint-config': [ '0.27.2' ]
85 silly audit }
86 verbose reify failed optional dependency /app/node_modules/sass-embedded-win32-x64
87 silly reify mark deleted [ '/app/node_modules/sass-embedded-win32-x64' ]
88 verbose reify failed optional dependency /app/node_modules/sass-embedded-win32-ia32
89 silly reify mark deleted [ '/app/node_modules/sass-embedded-win32-ia32' ]
90 verbose reify failed optional dependency /app/node_modules/sass-embedded-linux-ia32
91 silly reify mark deleted [ '/app/node_modules/sass-embedded-linux-ia32' ]
92 verbose reify failed optional dependency /app/node_modules/sass-embedded-linux-arm64
93 silly reify mark deleted [ '/app/node_modules/sass-embedded-linux-arm64' ]
94 verbose reify failed optional dependency /app/node_modules/sass-embedded-linux-arm
95 silly reify mark deleted [ '/app/node_modules/sass-embedded-linux-arm' ]
96 verbose reify failed optional dependency /app/node_modules/sass-embedded-darwin-x64
97 silly reify mark deleted [ '/app/node_modules/sass-embedded-darwin-x64' ]
98 verbose reify failed optional dependency /app/node_modules/sass-embedded-darwin-arm64
99 silly reify mark deleted [ '/app/node_modules/sass-embedded-darwin-arm64' ]
100 verbose reify failed optional dependency /app/node_modules/fsevents
101 silly reify mark deleted [ '/app/node_modules/fsevents' ]
102 timing reifyNode:node_modules/sass-embedded-win32-x64 Completed in 4ms
103 timing reifyNode:node_modules/sass-embedded-win32-ia32 Completed in 4ms
104 timing reifyNode:node_modules/sass-embedded-linux-ia32 Completed in 4ms
105 timing reifyNode:node_modules/sass-embedded-linux-arm64 Completed in 4ms
106 timing reifyNode:node_modules/sass-embedded-linux-arm Completed in 4ms
107 timing reifyNode:node_modules/sass-embedded-darwin-x64 Completed in 4ms
108 timing reifyNode:node_modules/sass-embedded-darwin-arm64 Completed in 4ms
109 timing reifyNode:node_modules/fsevents Completed in 4ms
110 silly tarball no local data for @decidim/stylelint-config@https://registry.npmjs.org/@decidim/stylelint-config/-/stylelint-config-0.27.2.tgz. Extracting by manifest.
111 silly tarball no local data for @decidim/eslint-config@https://registry.npmjs.org/@decidim/eslint-config/-/eslint-config-0.27.2.tgz. Extracting by manifest.
112 silly tarball no local data for @decidim/dev@https://registry.npmjs.org/@decidim/dev/-/dev-0.27.2.tgz. Extracting by manifest.
113 http fetch POST 200 https://registry.npmjs.org/-/npm/v1/security/advisories/bulk 262ms
114 timing auditReport:getReport Completed in 271ms
115 silly audit report {
115 silly audit report   'bootstrap-tagsinput': [
115 silly audit report     {
115 silly audit report       id: 1087390,
115 silly audit report       url: 'https://github.com/advisories/GHSA-v2jq-9475-r5g8',
115 silly audit report       title: 'Cross-Site Scripting in bootstrap-tagsinput',
115 silly audit report       severity: 'high',
115 silly audit report       vulnerable_versions: '<=0.8.0',
115 silly audit report       cwe: [Array],
115 silly audit report       cvss: [Object]
115 silly audit report     }
115 silly audit report   ],
115 silly audit report   'd3-color': [
115 silly audit report     {
115 silly audit report       id: 1088594,
115 silly audit report       url: 'https://github.com/advisories/GHSA-36jr-mh4h-2g58',
115 silly audit report       title: 'd3-color vulnerable to ReDoS',
115 silly audit report       severity: 'high',
115 silly audit report       vulnerable_versions: '<3.1.0',
115 silly audit report       cwe: [Array],
115 silly audit report       cvss: [Object]
115 silly audit report     }
115 silly audit report   ],
115 silly audit report   quill: [
115 silly audit report     {
115 silly audit report       id: 1089807,
115 silly audit report       url: 'https://github.com/advisories/GHSA-4943-9vgg-gr5r',
115 silly audit report       title: 'Cross-site Scripting in quill',
115 silly audit report       severity: 'moderate',
115 silly audit report       vulnerable_versions: '<=1.3.7',
115 silly audit report       cwe: [Array],
115 silly audit report       cvss: [Object]
115 silly audit report     }
115 silly audit report   ]
115 silly audit report }
116 timing metavuln:cache:get:security-advisory:quill:vt+/xZ6eMuzzZGxRiYeW3aTa1byLxrL1M8Xij0D8h+y/VBLt4iTdQqm8KoSVdAvdmVxjdEoMc8RfpnmYXlL7Rg== Completed in 3ms
117 timing metavuln:cache:get:security-advisory:d3-color:PXCCUtz8pBXn13G8u17PBCuRV0pJOh1kohKpl7G3/xGHcfhFmfHH/gB68CGJBeS+t7/saVeazG1QCRKoNcOlVA== Completed in 3ms
118 timing metavuln:cache:get:security-advisory:bootstrap-tagsinput:ldoFPdz0vLCatKgTfvngvXBZYflk3KcLjWp7w4SiRSfGG2ShWDoqLYH3GggLTI0vaqerEhUZsylHlPzkdnTE5g== Completed in 4ms
119 http fetch GET 200 https://registry.npmjs.org/bootstrap-tagsinput 7ms (cache hit)
120 timing metavuln:packument:bootstrap-tagsinput Completed in 8ms
121 timing metavuln:load:security-advisory:bootstrap-tagsinput:1087390 Completed in 1ms
122 timing metavuln:calculate:security-advisory:bootstrap-tagsinput:1087390 Completed in 9ms
123 http fetch GET 200 https://registry.npmjs.org/d3-color 8ms (cache hit)
124 timing metavuln:packument:d3-color Completed in 8ms
125 timing metavuln:load:security-advisory:d3-color:1088594 Completed in 0ms
126 timing metavuln:calculate:security-advisory:d3-color:1088594 Completed in 8ms
127 http fetch GET 200 https://registry.npmjs.org/quill 9ms (cache hit)
128 timing metavuln:packument:quill Completed in 9ms
129 timing metavuln:load:security-advisory:quill:1089807 Completed in 1ms
130 timing metavuln:calculate:security-advisory:quill:1089807 Completed in 10ms
131 timing metavuln:cache:get:security-advisory:@decidim/core:GiRA4wppD/vGEksigLa1e6N+dwpLt7Xz3kBGHGENYRW8skg9efZk7jE3xrMhJhxPKM/Vcaw9LJEdo8tkANA9uw== Completed in 1ms
132 http fetch GET 200 https://registry.npmjs.org/@decidim%2fcore 3ms (cache hit)
133 timing metavuln:packument:@decidim/core Completed in 3ms
134 timing metavuln:load:security-advisory:@decidim/core:ldoFPdz0vLCatKgTfvngvXBZYflk3KcLjWp7w4SiRSfGG2ShWDoqLYH3GggLTI0vaqerEhUZsylHlPzkdnTE5g== Completed in 0ms
135 timing metavuln:calculate:security-advisory:@decidim/core:ldoFPdz0vLCatKgTfvngvXBZYflk3KcLjWp7w4SiRSfGG2ShWDoqLYH3GggLTI0vaqerEhUZsylHlPzkdnTE5g== Completed in 3ms
136 timing metavuln:cache:get:security-advisory:d3-interpolate:/0c0NbpifkPwYK9Wc12lWCuekF3egfwQpU2vPvU1z9YtPOYhtO7tT+WkboXD+VCbMPJ5HjjePH/MBwCF4GihdQ== Completed in 5ms
137 timing metavuln:cache:get:security-advisory:d3:nD8/rL0pimqDqzdOnh8RBlSANsQXZQcVaJ5l4tI+9rW+CZR293A/uu6fp8GkRKkePkatanrTAfN+S2RdB4eQPg== Completed in 7ms
138 timing metavuln:cache:get:security-advisory:d3-transition:a7EqjKFx6XJgOZ7nJ58IpWH2G89VNRpzpxFL7SjBAx93Rlbb6jYPJk9Xgb9+Ax+7unBh6EzCUtsq00AzblrWlQ== Completed in 5ms
139 timing metavuln:cache:get:security-advisory:d3-scale-chromatic:LEWojVFa5YFPuDB69ZvzznZ0XSA7sQAz/j6ecKiTUDNMnSZ78aYmoC9AwFwK4R9EXp3JFdgG/TCTxSmDNS2igA== Completed in 6ms
140 http fetch GET 200 https://registry.npmjs.org/d3 10ms (cache hit)
141 timing metavuln:packument:d3 Completed in 13ms
142 timing metavuln:load:security-advisory:d3:PXCCUtz8pBXn13G8u17PBCuRV0pJOh1kohKpl7G3/xGHcfhFmfHH/gB68CGJBeS+t7/saVeazG1QCRKoNcOlVA== Completed in 2ms
143 timing metavuln:calculate:security-advisory:d3:PXCCUtz8pBXn13G8u17PBCuRV0pJOh1kohKpl7G3/xGHcfhFmfHH/gB68CGJBeS+t7/saVeazG1QCRKoNcOlVA== Completed in 15ms
144 http fetch GET 200 https://registry.npmjs.org/d3-interpolate 14ms (cache hit)
145 timing metavuln:packument:d3-interpolate Completed in 15ms
146 timing metavuln:load:security-advisory:d3-interpolate:PXCCUtz8pBXn13G8u17PBCuRV0pJOh1kohKpl7G3/xGHcfhFmfHH/gB68CGJBeS+t7/saVeazG1QCRKoNcOlVA== Completed in 0ms
147 timing metavuln:calculate:security-advisory:d3-interpolate:PXCCUtz8pBXn13G8u17PBCuRV0pJOh1kohKpl7G3/xGHcfhFmfHH/gB68CGJBeS+t7/saVeazG1QCRKoNcOlVA== Completed in 15ms
148 http fetch GET 200 https://registry.npmjs.org/d3-scale-chromatic 14ms (cache hit)
149 timing metavuln:packument:d3-scale-chromatic Completed in 16ms
150 timing metavuln:load:security-advisory:d3-scale-chromatic:PXCCUtz8pBXn13G8u17PBCuRV0pJOh1kohKpl7G3/xGHcfhFmfHH/gB68CGJBeS+t7/saVeazG1QCRKoNcOlVA== Completed in 0ms
151 timing metavuln:calculate:security-advisory:d3-scale-chromatic:PXCCUtz8pBXn13G8u17PBCuRV0pJOh1kohKpl7G3/xGHcfhFmfHH/gB68CGJBeS+t7/saVeazG1QCRKoNcOlVA== Completed in 16ms
152 http fetch GET 200 https://registry.npmjs.org/d3-transition 15ms (cache hit)
153 timing metavuln:packument:d3-transition Completed in 15ms
154 timing metavuln:load:security-advisory:d3-transition:PXCCUtz8pBXn13G8u17PBCuRV0pJOh1kohKpl7G3/xGHcfhFmfHH/gB68CGJBeS+t7/saVeazG1QCRKoNcOlVA== Completed in 1ms
155 timing metavuln:calculate:security-advisory:d3-transition:PXCCUtz8pBXn13G8u17PBCuRV0pJOh1kohKpl7G3/xGHcfhFmfHH/gB68CGJBeS+t7/saVeazG1QCRKoNcOlVA== Completed in 16ms
156 timing metavuln:cache:get:security-advisory:@decidim/core:o1tqvMgCWMGaIMxKjBlZXUp7fDtbCw/t3IF3HRrCLFf4q/MtZNln3J8CnjfJrZStPDofdQe/jOj34I6EgDBkiw== Completed in 1ms
157 timing metavuln:load:security-advisory:@decidim/core:vt+/xZ6eMuzzZGxRiYeW3aTa1byLxrL1M8Xij0D8h+y/VBLt4iTdQqm8KoSVdAvdmVxjdEoMc8RfpnmYXlL7Rg== Completed in 0ms
158 timing metavuln:calculate:security-advisory:@decidim/core:vt+/xZ6eMuzzZGxRiYeW3aTa1byLxrL1M8Xij0D8h+y/VBLt4iTdQqm8KoSVdAvdmVxjdEoMc8RfpnmYXlL7Rg== Completed in 1ms
159 timing metavuln:cache:get:security-advisory:@decidim/core:QhtuZI41L9jRCbVOI7SM9MKmj9DIIoN2bPbqh1skJKjcOv6IhRwxNBXMW9JmrN+dJbBI5vyDBPkB1gUG0I8SoA== Completed in 1ms
160 timing metavuln:load:security-advisory:@decidim/core:nD8/rL0pimqDqzdOnh8RBlSANsQXZQcVaJ5l4tI+9rW+CZR293A/uu6fp8GkRKkePkatanrTAfN+S2RdB4eQPg== Completed in 0ms
161 timing metavuln:calculate:security-advisory:@decidim/core:nD8/rL0pimqDqzdOnh8RBlSANsQXZQcVaJ5l4tI+9rW+CZR293A/uu6fp8GkRKkePkatanrTAfN+S2RdB4eQPg== Completed in 1ms
162 timing metavuln:cache:get:security-advisory:d3:fJMZ0j5RWVovfTk+TttEfWre4Y5heaySmac2+JpwKd2qr7nJ0YKVMvDxb0rKN9Jo5BG77I4CM7BExyoNle3tLQ== Completed in 4ms
163 timing metavuln:load:security-advisory:d3:/0c0NbpifkPwYK9Wc12lWCuekF3egfwQpU2vPvU1z9YtPOYhtO7tT+WkboXD+VCbMPJ5HjjePH/MBwCF4GihdQ== Completed in 1ms
164 timing metavuln:calculate:security-advisory:d3:/0c0NbpifkPwYK9Wc12lWCuekF3egfwQpU2vPvU1z9YtPOYhtO7tT+WkboXD+VCbMPJ5HjjePH/MBwCF4GihdQ== Completed in 5ms
165 timing metavuln:cache:get:security-advisory:d3-brush:YRwhgeRn7AFBRXR5hQ6GNEvJvSz1pe5WeXtAjzBofNcN/RaCX/Z4dWPI0eUMhbCuK/hxX8nzqYsE968qOLWpew== Completed in 4ms
166 timing metavuln:cache:get:security-advisory:d3-scale:Ed3OTeqPJFip9ejVFpMWhaSkEDEVzXOLC3myQxoQ8OAEJetWIlqim9FmQNm/iDIq1clc7eICIOTZlHt6+BRWdg== Completed in 4ms
167 timing metavuln:cache:get:security-advisory:d3-scale-chromatic:WbPlulqdHPOwtGT/40JwJxEtssW3aa733j3DzlBOUI5dPjpYMZX1dMf6WcAPQ9JbwVLUm7LCdbip/XYtPpf1hA== Completed in 4ms
168 timing metavuln:load:security-advisory:d3-scale-chromatic:/0c0NbpifkPwYK9Wc12lWCuekF3egfwQpU2vPvU1z9YtPOYhtO7tT+WkboXD+VCbMPJ5HjjePH/MBwCF4GihdQ== Completed in 0ms
169 timing metavuln:calculate:security-advisory:d3-scale-chromatic:/0c0NbpifkPwYK9Wc12lWCuekF3egfwQpU2vPvU1z9YtPOYhtO7tT+WkboXD+VCbMPJ5HjjePH/MBwCF4GihdQ== Completed in 4ms
170 timing metavuln:cache:get:security-advisory:d3-transition:J0X1CsqSmS+XhYkFKqm+BivMRkiLNw2PsCJ65+FZkba+kVHiV4i6AnGF9n6a/jfDA1JZnJP43qEJn+aqJodr4w== Completed in 3ms
171 timing metavuln:load:security-advisory:d3-transition:/0c0NbpifkPwYK9Wc12lWCuekF3egfwQpU2vPvU1z9YtPOYhtO7tT+WkboXD+VCbMPJ5HjjePH/MBwCF4GihdQ== Completed in 1ms
172 timing metavuln:calculate:security-advisory:d3-transition:/0c0NbpifkPwYK9Wc12lWCuekF3egfwQpU2vPvU1z9YtPOYhtO7tT+WkboXD+VCbMPJ5HjjePH/MBwCF4GihdQ== Completed in 5ms
173 timing metavuln:cache:get:security-advisory:d3-zoom:eHGtrxRYjxhCmzSv/zrfYYoEuaOhtckXj8YChuEVd9DZP/XAtjuZgRyoyZdHq9rgcUXO0WxzOWvcSrf3vK+3dg== Completed in 4ms
174 http fetch GET 200 https://registry.npmjs.org/d3-brush 8ms (cache hit)
175 timing metavuln:packument:d3-brush Completed in 8ms
176 timing metavuln:load:security-advisory:d3-brush:/0c0NbpifkPwYK9Wc12lWCuekF3egfwQpU2vPvU1z9YtPOYhtO7tT+WkboXD+VCbMPJ5HjjePH/MBwCF4GihdQ== Completed in 0ms
177 timing metavuln:calculate:security-advisory:d3-brush:/0c0NbpifkPwYK9Wc12lWCuekF3egfwQpU2vPvU1z9YtPOYhtO7tT+WkboXD+VCbMPJ5HjjePH/MBwCF4GihdQ== Completed in 9ms
178 http fetch GET 200 https://registry.npmjs.org/d3-zoom 7ms (cache hit)
179 timing metavuln:packument:d3-zoom Completed in 8ms
180 timing metavuln:load:security-advisory:d3-zoom:/0c0NbpifkPwYK9Wc12lWCuekF3egfwQpU2vPvU1z9YtPOYhtO7tT+WkboXD+VCbMPJ5HjjePH/MBwCF4GihdQ== Completed in 0ms
181 timing metavuln:calculate:security-advisory:d3-zoom:/0c0NbpifkPwYK9Wc12lWCuekF3egfwQpU2vPvU1z9YtPOYhtO7tT+WkboXD+VCbMPJ5HjjePH/MBwCF4GihdQ== Completed in 8ms
182 http fetch GET 200 https://registry.npmjs.org/d3-scale 9ms (cache hit)
183 timing metavuln:packument:d3-scale Completed in 9ms
184 timing metavuln:load:security-advisory:d3-scale:/0c0NbpifkPwYK9Wc12lWCuekF3egfwQpU2vPvU1z9YtPOYhtO7tT+WkboXD+VCbMPJ5HjjePH/MBwCF4GihdQ== Completed in 1ms
185 timing metavuln:calculate:security-advisory:d3-scale:/0c0NbpifkPwYK9Wc12lWCuekF3egfwQpU2vPvU1z9YtPOYhtO7tT+WkboXD+VCbMPJ5HjjePH/MBwCF4GihdQ== Completed in 10ms
186 timing metavuln:cache:get:security-advisory:d3:+XmjvXhvB34gtxFo+zn6HOmCFXOMcaAPz8ch2yQCWLkhrSTP9bNVoLqYtvEvUrco0uPm7rP99uZViI+p0/zHQw== Completed in 0ms
187 timing metavuln:load:security-advisory:d3:LEWojVFa5YFPuDB69ZvzznZ0XSA7sQAz/j6ecKiTUDNMnSZ78aYmoC9AwFwK4R9EXp3JFdgG/TCTxSmDNS2igA== Completed in 1ms
188 timing metavuln:calculate:security-advisory:d3:LEWojVFa5YFPuDB69ZvzznZ0XSA7sQAz/j6ecKiTUDNMnSZ78aYmoC9AwFwK4R9EXp3JFdgG/TCTxSmDNS2igA== Completed in 1ms
189 timing metavuln:cache:get:security-advisory:d3-brush:XuiUaMtdn43WCwMvCFZTdYXyJIJXEA7fmZYMMh2OwWQrTvP85Ka+C3X2C3qM1kcBrWjoZaDdGwY0mkAMUZpHUw== Completed in 1ms
190 timing metavuln:load:security-advisory:d3-brush:a7EqjKFx6XJgOZ7nJ58IpWH2G89VNRpzpxFL7SjBAx93Rlbb6jYPJk9Xgb9+Ax+7unBh6EzCUtsq00AzblrWlQ== Completed in 0ms
191 timing metavuln:calculate:security-advisory:d3-brush:a7EqjKFx6XJgOZ7nJ58IpWH2G89VNRpzpxFL7SjBAx93Rlbb6jYPJk9Xgb9+Ax+7unBh6EzCUtsq00AzblrWlQ== Completed in 1ms
192 timing metavuln:cache:get:security-advisory:d3-zoom:1hh19LN4MEECkX4XH5qidMdE4S2wHhl6C+xrR9LpuLey5eCYsE+svXH3EoZZu5ljlVvys0AvvtQQyZsg1DnO8Q== Completed in 1ms
193 timing metavuln:load:security-advisory:d3-zoom:a7EqjKFx6XJgOZ7nJ58IpWH2G89VNRpzpxFL7SjBAx93Rlbb6jYPJk9Xgb9+Ax+7unBh6EzCUtsq00AzblrWlQ== Completed in 0ms
194 timing metavuln:calculate:security-advisory:d3-zoom:a7EqjKFx6XJgOZ7nJ58IpWH2G89VNRpzpxFL7SjBAx93Rlbb6jYPJk9Xgb9+Ax+7unBh6EzCUtsq00AzblrWlQ== Completed in 1ms
195 timing metavuln:cache:get:security-advisory:d3:vflq86lNfG12e6Tl0VkPCkw+/bdZ3jaTv5l9zaU5/Gb5RtefKyeIYdIUhgq8YjbmYUb8DkVkI8mWz9gnrT0Gqg== Completed in 1ms
196 timing metavuln:load:security-advisory:d3:a7EqjKFx6XJgOZ7nJ58IpWH2G89VNRpzpxFL7SjBAx93Rlbb6jYPJk9Xgb9+Ax+7unBh6EzCUtsq00AzblrWlQ== Completed in 0ms
197 timing metavuln:calculate:security-advisory:d3:a7EqjKFx6XJgOZ7nJ58IpWH2G89VNRpzpxFL7SjBAx93Rlbb6jYPJk9Xgb9+Ax+7unBh6EzCUtsq00AzblrWlQ== Completed in 2ms
198 timing metavuln:cache:get:security-advisory:d3:wIpoUjrVovBAKrj90IEkz8gvXyoCMY3cH/1kl7LvEN7/eU4lqNQEhxM7sCcV9c+qy6LRCOArCIvdFMwjIX15Xg== Completed in 1ms
199 timing metavuln:load:security-advisory:d3:YRwhgeRn7AFBRXR5hQ6GNEvJvSz1pe5WeXtAjzBofNcN/RaCX/Z4dWPI0eUMhbCuK/hxX8nzqYsE968qOLWpew== Completed in 0ms
200 timing metavuln:calculate:security-advisory:d3:YRwhgeRn7AFBRXR5hQ6GNEvJvSz1pe5WeXtAjzBofNcN/RaCX/Z4dWPI0eUMhbCuK/hxX8nzqYsE968qOLWpew== Completed in 1ms
201 timing metavuln:cache:get:security-advisory:d3:nHHy9jqBLAz1K0E9194lYcDGSNEiz7uUP/uSr+abihoc1hbuaqrladEWcRXK4Ky/uRRqaiEkJ56JGD4wacPf6A== Completed in 0ms
202 timing metavuln:load:security-advisory:d3:eHGtrxRYjxhCmzSv/zrfYYoEuaOhtckXj8YChuEVd9DZP/XAtjuZgRyoyZdHq9rgcUXO0WxzOWvcSrf3vK+3dg== Completed in 2ms
203 timing metavuln:calculate:security-advisory:d3:eHGtrxRYjxhCmzSv/zrfYYoEuaOhtckXj8YChuEVd9DZP/XAtjuZgRyoyZdHq9rgcUXO0WxzOWvcSrf3vK+3dg== Completed in 2ms
204 timing metavuln:cache:get:security-advisory:d3:6zDgYeUZLBpoG/M6lVN57mw28h2Eo7xxCiFaU75VIS8adtXf4hCp6z6RDU+m4RuPA5/ftu/MGCjsvFpVrIlmSA== Completed in 2ms
205 timing metavuln:load:security-advisory:d3:Ed3OTeqPJFip9ejVFpMWhaSkEDEVzXOLC3myQxoQ8OAEJetWIlqim9FmQNm/iDIq1clc7eICIOTZlHt6+BRWdg== Completed in 1ms
206 timing metavuln:calculate:security-advisory:d3:Ed3OTeqPJFip9ejVFpMWhaSkEDEVzXOLC3myQxoQ8OAEJetWIlqim9FmQNm/iDIq1clc7eICIOTZlHt6+BRWdg== Completed in 3ms
207 timing auditReport:init Completed in 58ms
208 timing reify:audit Completed in 329ms
209 http fetch GET 200 https://registry.npmjs.org/@decidim/eslint-config/-/eslint-config-0.27.2.tgz 806ms (cache miss)
210 timing reifyNode:node_modules/@decidim/eslint-config Completed in 813ms
211 http fetch GET 200 https://registry.npmjs.org/@decidim/stylelint-config/-/stylelint-config-0.27.2.tgz 806ms (cache miss)
212 timing reifyNode:node_modules/@decidim/stylelint-config Completed in 814ms
213 http fetch GET 200 https://registry.npmjs.org/@decidim/dev/-/dev-0.27.2.tgz 822ms (cache miss)
214 timing reifyNode:node_modules/@decidim/dev Completed in 832ms
215 timing reify:unpack Completed in 832ms
216 timing reify:unretire Completed in 0ms
217 timing build:queue Completed in 1ms
218 timing build:deps Completed in 1ms
219 timing build Completed in 1ms
220 timing reify:build Completed in 1ms
221 timing reify:trash Completed in 2ms
222 timing reify:save Completed in 228ms
223 timing reify Completed in 8063ms
224 silly ADD
225 silly ADD
226 silly ADD
227 silly ADD
228 silly ADD
229 silly ADD
230 silly ADD
231 silly ADD
232 silly CHANGE node_modules/@decidim/stylelint-config
233 silly CHANGE node_modules/@decidim/eslint-config
234 silly CHANGE node_modules/@decidim/dev
235 timing command:i Completed in 8098ms
236 verbose exit 0
237 timing npm Completed in 8187ms
238 info ok
